2024-03-16T20:21:56.221+05:30  INFO 6380 --- [cms-spring-boot-jrest-jdbc-mavenproject] [restartedMain] ringBootJrestJdbcMavenprojectApplication : Starting CmsSpringBootJrestJdbcMavenprojectApplication using Java 17.0.4.1 with PID 6380 (C:\Users\ADMIN\Music\Downloads\cms-spring-boot-jrest-jdbc-mavenproject\target\classes started by ADMIN in C:\Users\ADMIN\Music\Downloads\cms-spring-boot-jrest-jdbc-mavenproject)
2024-03-16T20:21:56.250+05:30  INFO 6380 --- [cms-spring-boot-jrest-jdbc-mavenproject] [restartedMain] ringBootJrestJdbcMavenprojectApplication : No active profile set, falling back to 1 default profile: "default"
2024-03-16T20:21:56.876+05:30  INFO 6380 --- [cms-spring-boot-jrest-jdbc-mavenproject] [restartedMain] .e.DevToolsPropertyDefaultsPostProcessor : Devtools property defaults active! Set 'spring.devtools.add-properties' to 'false' to disable
2024-03-16T20:21:56.878+05:30  INFO 6380 --- [cms-spring-boot-jrest-jdbc-mavenproject] [restartedMain] .e.DevToolsPropertyDefaultsPostProcessor : For additional web related logging consider setting the 'logging.level.web' property to 'DEBUG'
2024-03-16T20:22:10.303+05:30  INFO 6380 --- [cms-spring-boot-jrest-jdbc-mavenproject] [restartedMain] o.s.b.w.embedded.tomcat.TomcatWebServer  : Tomcat initialized with port 8080 (http)
2024-03-16T20:22:10.450+05:30  INFO 6380 --- [cms-spring-boot-jrest-jdbc-mavenproject] [restartedMain] o.apache.catalina.core.StandardService   : Starting service [Tomcat]
2024-03-16T20:22:10.451+05:30  INFO 6380 --- [cms-spring-boot-jrest-jdbc-mavenproject] [restartedMain] o.apache.catalina.core.StandardEngine    : Starting Servlet engine: [Apache Tomcat/10.1.19]
2024-03-16T20:22:10.751+05:30  INFO 6380 --- [cms-spring-boot-jrest-jdbc-mavenproject] [restartedMain] o.a.c.c.C.[Tomcat].[localhost].[/]       : Initializing Spring embedded WebApplicationContext
2024-03-16T20:22:10.757+05:30  INFO 6380 --- [cms-spring-boot-jrest-jdbc-mavenproject] [restartedMain] w.s.c.ServletWebServerApplicationContext : Root WebApplicationContext: initialization completed in 13872 ms
2024-03-16T20:22:16.510+05:30  INFO 6380 --- [cms-spring-boot-jrest-jdbc-mavenproject] [restartedMain] o.s.b.d.a.OptionalLiveReloadServer       : LiveReload server is running on port 35729
2024-03-16T20:22:18.996+05:30  INFO 6380 --- [cms-spring-boot-jrest-jdbc-mavenproject] [restartedMain] o.s.b.w.embedded.tomcat.TomcatWebServer  : Tomcat started on port 8080 (http) with context path ''
2024-03-16T20:22:19.165+05:30  INFO 6380 --- [cms-spring-boot-jrest-jdbc-mavenproject] [restartedMain] ringBootJrestJdbcMavenprojectApplication : Started CmsSpringBootJrestJdbcMavenprojectApplication in 25.667 seconds (process running for 32.03)
2024-03-16T20:25:48.665+05:30  INFO 6380 --- [cms-spring-boot-jrest-jdbc-mavenproject] [http-nio-8080-exec-2] o.a.c.c.C.[Tomcat].[localhost].[/]       : Initializing Spring DispatcherServlet 'dispatcherServlet'
2024-03-16T20:25:48.667+05:30  INFO 6380 --- [cms-spring-boot-jrest-jdbc-mavenproject] [http-nio-8080-exec-2] o.s.web.servlet.DispatcherServlet        : Initializing Servlet 'dispatcherServlet'
2024-03-16T20:25:48.669+05:30  INFO 6380 --- [cms-spring-boot-jrest-jdbc-mavenproject] [http-nio-8080-exec-2] o.s.web.servlet.DispatcherServlet        : Completed initialization in 2 ms
2024-03-16T20:25:48.908+05:30  INFO 6380 --- [cms-spring-boot-jrest-jdbc-mavenproject] [http-nio-8080-exec-2] c.e.c.controller.CourseController        : Entered fetchAllBook()...
2024-03-16T20:25:48.909+05:30  INFO 6380 --- [cms-spring-boot-jrest-jdbc-mavenproject] [http-nio-8080-exec-2] c.e.c.service.CourseServiceImpl          : Entered fetchAllBook()...
2024-03-16T20:25:48.910+05:30  INFO 6380 --- [cms-spring-boot-jrest-jdbc-mavenproject] [http-nio-8080-exec-2] c.e.c.dao.CourseDaoJdbcImpl              : Entered fetchAllCourses()..."
2024-03-16T20:26:04.096+05:30  INFO 6380 --- [cms-spring-boot-jrest-jdbc-mavenproject] [http-nio-8080-exec-2] c.e.c.dao.CourseDaoJdbcImpl              : Exited fetchAllBook()...
2024-03-16T20:26:04.097+05:30  INFO 6380 --- [cms-spring-boot-jrest-jdbc-mavenproject] [http-nio-8080-exec-2] c.e.c.service.CourseServiceImpl          : Exited fetchAllBook()...
2024-03-16T20:26:04.097+05:30  INFO 6380 --- [cms-spring-boot-jrest-jdbc-mavenproject] [http-nio-8080-exec-2] c.e.c.controller.CourseController        : Exited fetchAllBook()...
2024-03-16T20:28:39.466+05:30  INFO 6380 --- [cms-spring-boot-jrest-jdbc-mavenproject] [http-nio-8080-exec-5] c.e.c.controller.CourseController        : Entered fetchABook()...
2024-03-16T20:28:39.467+05:30  INFO 6380 --- [cms-spring-boot-jrest-jdbc-mavenproject] [http-nio-8080-exec-5] c.e.c.service.CourseServiceImpl          : Entered fetchABook()...
2024-03-16T20:28:39.467+05:30  INFO 6380 --- [cms-spring-boot-jrest-jdbc-mavenproject] [http-nio-8080-exec-5] c.e.c.dao.CourseDaoJdbcImpl              : Entered fetchABook()...
2024-03-16T20:28:39.604+05:30  INFO 6380 --- [cms-spring-boot-jrest-jdbc-mavenproject] [http-nio-8080-exec-5] c.e.c.dao.CourseDaoJdbcImpl              : Exited fetchABook()...
2024-03-16T20:28:39.605+05:30  INFO 6380 --- [cms-spring-boot-jrest-jdbc-mavenproject] [http-nio-8080-exec-5] c.e.c.service.CourseServiceImpl          : existed fetchABook()...
2024-03-16T20:28:39.605+05:30  INFO 6380 --- [cms-spring-boot-jrest-jdbc-mavenproject] [http-nio-8080-exec-5] c.e.c.controller.CourseController        : Exited fetchABook()...
2024-03-16T20:30:11.469+05:30  WARN 6380 --- [cms-spring-boot-jrest-jdbc-mavenproject] [http-nio-8080-exec-8] .w.s.m.s.DefaultHandlerExceptionResolver : Resolved [org.springframework.http.converter.HttpMessageNotReadableException: Required request body is missing: public org.springframework.http.ResponseEntity<com.example.cmsspringbootjrestjdbcmavenproject.model.CoursePojo> com.example.cmsspringbootjrestjdbcmavenproject.controller.CourseController.addBook(com.example.cmsspringbootjrestjdbcmavenproject.model.CoursePojo)]
2024-03-16T20:37:08.578+05:30  WARN 6380 --- [cms-spring-boot-jrest-jdbc-mavenproject] [http-nio-8080-exec-10] .w.s.m.s.DefaultHandlerExceptionResolver : Resolved [org.springframework.http.converter.HttpMessageNotReadableException: Required request body is missing: public org.springframework.http.ResponseEntity<com.example.cmsspringbootjrestjdbcmavenproject.model.CoursePojo> com.example.cmsspringbootjrestjdbcmavenproject.controller.CourseController.addBook(com.example.cmsspringbootjrestjdbcmavenproject.model.CoursePojo)]
2024-03-16T20:41:40.900+05:30  WARN 6380 --- [cms-spring-boot-jrest-jdbc-mavenproject] [http-nio-8080-exec-2] .w.s.m.s.DefaultHandlerExceptionResolver : Resolved [org.springframework.web.bind.MethodArgumentNotValidException: Validation failed for argument [0] in public org.springframework.http.ResponseEntity<com.example.cmsspringbootjrestjdbcmavenproject.model.CoursePojo> com.example.cmsspringbootjrestjdbcmavenproject.controller.CourseController.addBook(com.example.cmsspringbootjrestjdbcmavenproject.model.CoursePojo) with 3 errors: [Field error in object 'coursePojo' on field 'instructor': rejected value [null]; codes [NotNull.coursePojo.instructor,NotNull.instructor,NotNull.com.example.cmsspringbootjrestjdbcmavenproject.model.InstructorPojo,NotNull]; arguments [org.springframework.context.support.DefaultMessageSourceResolvable: codes [coursePojo.instructor,instructor]; arguments []; default message [instructor]]; default message [must not be null]] [Field error in object 'coursePojo' on field 'CourseName': rejected value [null]; codes [NotNull.coursePojo.CourseName,NotNull.CourseName,NotNull.java.lang.String,NotNull]; arguments [org.springframework.context.support.DefaultMessageSourceResolvable: codes [coursePojo.CourseName,CourseName]; arguments []; default message [CourseName]]; default message [must not be null]] [Field error in object 'coursePojo' on field 'Location': rejected value [null]; codes [NotNull.coursePojo.Location,NotNull.Location,NotNull.java.lang.String,NotNull]; arguments [org.springframework.context.support.DefaultMessageSourceResolvable: codes [coursePojo.Location,Location]; arguments []; default message [Location]]; default message [must not be null]] ]
2024-03-16T20:44:52.714+05:30  INFO 6380 --- [cms-spring-boot-jrest-jdbc-mavenproject] [http-nio-8080-exec-5] c.e.c.controller.CourseController        : Entered fetchAllBook()...
2024-03-16T20:44:52.715+05:30  INFO 6380 --- [cms-spring-boot-jrest-jdbc-mavenproject] [http-nio-8080-exec-5] c.e.c.service.CourseServiceImpl          : Entered fetchAllBook()...
2024-03-16T20:44:52.715+05:30  INFO 6380 --- [cms-spring-boot-jrest-jdbc-mavenproject] [http-nio-8080-exec-5] c.e.c.dao.CourseDaoJdbcImpl              : Entered fetchAllCourses()..."
2024-03-16T20:44:52.738+05:30  INFO 6380 --- [cms-spring-boot-jrest-jdbc-mavenproject] [http-nio-8080-exec-5] c.e.c.dao.CourseDaoJdbcImpl              : Exited fetchAllBook()...
2024-03-16T20:44:52.739+05:30  INFO 6380 --- [cms-spring-boot-jrest-jdbc-mavenproject] [http-nio-8080-exec-5] c.e.c.service.CourseServiceImpl          : Exited fetchAllBook()...
2024-03-16T20:44:52.739+05:30  INFO 6380 --- [cms-spring-boot-jrest-jdbc-mavenproject] [http-nio-8080-exec-5] c.e.c.controller.CourseController        : Exited fetchAllBook()...
2024-03-16T20:54:40.682+05:30  INFO 6380 --- [cms-spring-boot-jrest-jdbc-mavenproject] [http-nio-8080-exec-7] c.e.c.controller.CourseController        : Entered fetchAllBook()...
2024-03-16T20:54:40.713+05:30  INFO 6380 --- [cms-spring-boot-jrest-jdbc-mavenproject] [http-nio-8080-exec-7] c.e.c.service.CourseServiceImpl          : Entered fetchAllBook()...
2024-03-16T20:54:40.713+05:30  INFO 6380 --- [cms-spring-boot-jrest-jdbc-mavenproject] [http-nio-8080-exec-7] c.e.c.dao.CourseDaoJdbcImpl              : Entered fetchAllCourses()..."
2024-03-16T20:54:41.162+05:30  INFO 6380 --- [cms-spring-boot-jrest-jdbc-mavenproject] [http-nio-8080-exec-7] c.e.c.dao.CourseDaoJdbcImpl              : Exited fetchAllBook()...
2024-03-16T20:54:41.163+05:30  INFO 6380 --- [cms-spring-boot-jrest-jdbc-mavenproject] [http-nio-8080-exec-7] c.e.c.service.CourseServiceImpl          : Exited fetchAllBook()...
2024-03-16T20:54:41.163+05:30  INFO 6380 --- [cms-spring-boot-jrest-jdbc-mavenproject] [http-nio-8080-exec-7] c.e.c.controller.CourseController        : Exited fetchAllBook()...
2024-03-16T20:55:23.232+05:30  INFO 6380 --- [cms-spring-boot-jrest-jdbc-mavenproject] [http-nio-8080-exec-10] c.e.c.controller.CourseController        : Entered fetchAllBook()...
2024-03-16T20:55:23.232+05:30  INFO 6380 --- [cms-spring-boot-jrest-jdbc-mavenproject] [http-nio-8080-exec-10] c.e.c.service.CourseServiceImpl          : Entered fetchAllBook()...
2024-03-16T20:55:23.232+05:30  INFO 6380 --- [cms-spring-boot-jrest-jdbc-mavenproject] [http-nio-8080-exec-10] c.e.c.dao.CourseDaoJdbcImpl              : Entered fetchAllCourses()..."
2024-03-16T20:55:23.241+05:30  INFO 6380 --- [cms-spring-boot-jrest-jdbc-mavenproject] [http-nio-8080-exec-10] c.e.c.dao.CourseDaoJdbcImpl              : Exited fetchAllBook()...
2024-03-16T20:55:23.242+05:30  INFO 6380 --- [cms-spring-boot-jrest-jdbc-mavenproject] [http-nio-8080-exec-10] c.e.c.service.CourseServiceImpl          : Exited fetchAllBook()...
2024-03-16T20:55:23.242+05:30  INFO 6380 --- [cms-spring-boot-jrest-jdbc-mavenproject] [http-nio-8080-exec-10] c.e.c.controller.CourseController        : Exited fetchAllBook()...
2024-03-16T21:03:47.976+05:30  INFO 17140 --- [cms-spring-boot-jrest-jdbc-mavenproject] [restartedMain] ringBootJrestJdbcMavenprojectApplication : Starting CmsSpringBootJrestJdbcMavenprojectApplication using Java 17.0.4.1 with PID 17140 (C:\Users\ADMIN\Music\Downloads\cms-spring-boot-jrest-jdbc-mavenproject\target\classes started by ADMIN in C:\Users\ADMIN\Music\Downloads\cms-spring-boot-jrest-jdbc-mavenproject)
2024-03-16T21:03:47.982+05:30  INFO 17140 --- [cms-spring-boot-jrest-jdbc-mavenproject] [restartedMain] ringBootJrestJdbcMavenprojectApplication : No active profile set, falling back to 1 default profile: "default"
2024-03-16T21:03:48.457+05:30  INFO 17140 --- [cms-spring-boot-jrest-jdbc-mavenproject] [restartedMain] .e.DevToolsPropertyDefaultsPostProcessor : Devtools property defaults active! Set 'spring.devtools.add-properties' to 'false' to disable
2024-03-16T21:03:48.460+05:30  INFO 17140 --- [cms-spring-boot-jrest-jdbc-mavenproject] [restartedMain] .e.DevToolsPropertyDefaultsPostProcessor : For additional web related logging consider setting the 'logging.level.web' property to 'DEBUG'
2024-03-16T21:03:59.080+05:30  INFO 17140 --- [cms-spring-boot-jrest-jdbc-mavenproject] [restartedMain] o.s.b.w.embedded.tomcat.TomcatWebServer  : Tomcat initialized with port 8080 (http)
2024-03-16T21:03:59.160+05:30  INFO 17140 --- [cms-spring-boot-jrest-jdbc-mavenproject] [restartedMain] o.apache.catalina.core.StandardService   : Starting service [Tomcat]
2024-03-16T21:03:59.161+05:30  INFO 17140 --- [cms-spring-boot-jrest-jdbc-mavenproject] [restartedMain] o.apache.catalina.core.StandardEngine    : Starting Servlet engine: [Apache Tomcat/10.1.19]
2024-03-16T21:03:59.705+05:30  INFO 17140 --- [cms-spring-boot-jrest-jdbc-mavenproject] [restartedMain] o.a.c.c.C.[Tomcat].[localhost].[/]       : Initializing Spring embedded WebApplicationContext
2024-03-16T21:03:59.707+05:30  INFO 17140 --- [cms-spring-boot-jrest-jdbc-mavenproject] [restartedMain] w.s.c.ServletWebServerApplicationContext : Root WebApplicationContext: initialization completed in 11244 ms
2024-03-16T21:04:02.352+05:30  INFO 17140 --- [cms-spring-boot-jrest-jdbc-mavenproject] [restartedMain] o.s.b.d.a.OptionalLiveReloadServer       : LiveReload server is running on port 35729
2024-03-16T21:04:02.747+05:30  INFO 17140 --- [cms-spring-boot-jrest-jdbc-mavenproject] [restartedMain] o.s.b.w.embedded.tomcat.TomcatWebServer  : Tomcat started on port 8080 (http) with context path ''
2024-03-16T21:04:02.878+05:30  INFO 17140 --- [cms-spring-boot-jrest-jdbc-mavenproject] [restartedMain] ringBootJrestJdbcMavenprojectApplication : Started CmsSpringBootJrestJdbcMavenprojectApplication in 16.546 seconds (process running for 18.128)
2024-03-16T21:04:27.103+05:30  INFO 17140 --- [cms-spring-boot-jrest-jdbc-mavenproject] [http-nio-8080-exec-1] o.a.c.c.C.[Tomcat].[localhost].[/]       : Initializing Spring DispatcherServlet 'dispatcherServlet'
2024-03-16T21:04:27.103+05:30  INFO 17140 --- [cms-spring-boot-jrest-jdbc-mavenproject] [http-nio-8080-exec-1] o.s.web.servlet.DispatcherServlet        : Initializing Servlet 'dispatcherServlet'
2024-03-16T21:04:27.108+05:30  INFO 17140 --- [cms-spring-boot-jrest-jdbc-mavenproject] [http-nio-8080-exec-1] o.s.web.servlet.DispatcherServlet        : Completed initialization in 4 ms
2024-03-16T21:04:27.252+05:30  INFO 17140 --- [cms-spring-boot-jrest-jdbc-mavenproject] [http-nio-8080-exec-1] c.e.c.controller.CourseController        : Entered fetchAllBook()...
2024-03-16T21:04:27.253+05:30  INFO 17140 --- [cms-spring-boot-jrest-jdbc-mavenproject] [http-nio-8080-exec-1] c.e.c.service.CourseServiceImpl          : Entered fetchAllBook()...
2024-03-16T21:04:27.255+05:30  INFO 17140 --- [cms-spring-boot-jrest-jdbc-mavenproject] [http-nio-8080-exec-1] c.e.c.dao.CourseDaoJdbcImpl              : Entered fetchAllCourses()..."
2024-03-16T21:04:29.936+05:30  INFO 17140 --- [cms-spring-boot-jrest-jdbc-mavenproject] [http-nio-8080-exec-1] c.e.c.dao.CourseDaoJdbcImpl              : Exited fetchAllBook()...
2024-03-16T21:04:29.937+05:30  INFO 17140 --- [cms-spring-boot-jrest-jdbc-mavenproject] [http-nio-8080-exec-1] c.e.c.service.CourseServiceImpl          : Exited fetchAllBook()...
2024-03-16T21:04:29.937+05:30  INFO 17140 --- [cms-spring-boot-jrest-jdbc-mavenproject] [http-nio-8080-exec-1] c.e.c.controller.CourseController        : Exited fetchAllBook()...
2024-03-16T21:05:01.706+05:30  INFO 17140 --- [cms-spring-boot-jrest-jdbc-mavenproject] [http-nio-8080-exec-4] c.e.c.controller.CourseController        : Entered fetchAllBook()...
2024-03-16T21:05:01.707+05:30  INFO 17140 --- [cms-spring-boot-jrest-jdbc-mavenproject] [http-nio-8080-exec-4] c.e.c.service.CourseServiceImpl          : Entered fetchAllBook()...
2024-03-16T21:05:01.707+05:30  INFO 17140 --- [cms-spring-boot-jrest-jdbc-mavenproject] [http-nio-8080-exec-4] c.e.c.dao.CourseDaoJdbcImpl              : Entered fetchAllCourses()..."
2024-03-16T21:05:01.723+05:30  INFO 17140 --- [cms-spring-boot-jrest-jdbc-mavenproject] [http-nio-8080-exec-4] c.e.c.dao.CourseDaoJdbcImpl              : Exited fetchAllBook()...
2024-03-16T21:05:01.723+05:30  INFO 17140 --- [cms-spring-boot-jrest-jdbc-mavenproject] [http-nio-8080-exec-4] c.e.c.service.CourseServiceImpl          : Exited fetchAllBook()...
2024-03-16T21:05:01.724+05:30  INFO 17140 --- [cms-spring-boot-jrest-jdbc-mavenproject] [http-nio-8080-exec-4] c.e.c.controller.CourseController        : Exited fetchAllBook()...
2024-03-16T21:16:56.911+05:30  INFO 17944 --- [cms-spring-boot-jrest-jdbc-mavenproject] [restartedMain] ringBootJrestJdbcMavenprojectApplication : Starting CmsSpringBootJrestJdbcMavenprojectApplication using Java 17.0.4.1 with PID 17944 (C:\Users\ADMIN\Music\Downloads\cms-spring-boot-jrest-jdbc-mavenproject\target\classes started by ADMIN in C:\Users\ADMIN\Music\Downloads\cms-spring-boot-jrest-jdbc-mavenproject)
2024-03-16T21:16:56.926+05:30  INFO 17944 --- [cms-spring-boot-jrest-jdbc-mavenproject] [restartedMain] ringBootJrestJdbcMavenprojectApplication : No active profile set, falling back to 1 default profile: "default"
2024-03-16T21:16:57.143+05:30  INFO 17944 --- [cms-spring-boot-jrest-jdbc-mavenproject] [restartedMain] .e.DevToolsPropertyDefaultsPostProcessor : Devtools property defaults active! Set 'spring.devtools.add-properties' to 'false' to disable
2024-03-16T21:16:57.150+05:30  INFO 17944 --- [cms-spring-boot-jrest-jdbc-mavenproject] [restartedMain] .e.DevToolsPropertyDefaultsPostProcessor : For additional web related logging consider setting the 'logging.level.web' property to 'DEBUG'
2024-03-16T21:17:01.577+05:30  INFO 17944 --- [cms-spring-boot-jrest-jdbc-mavenproject] [restartedMain] o.s.b.w.embedded.tomcat.TomcatWebServer  : Tomcat initialized with port 8080 (http)
2024-03-16T21:17:01.624+05:30  INFO 17944 --- [cms-spring-boot-jrest-jdbc-mavenproject] [restartedMain] o.apache.catalina.core.StandardService   : Starting service [Tomcat]
2024-03-16T21:17:01.625+05:30  INFO 17944 --- [cms-spring-boot-jrest-jdbc-mavenproject] [restartedMain] o.apache.catalina.core.StandardEngine    : Starting Servlet engine: [Apache Tomcat/10.1.19]
2024-03-16T21:17:01.868+05:30  INFO 17944 --- [cms-spring-boot-jrest-jdbc-mavenproject] [restartedMain] o.a.c.c.C.[Tomcat].[localhost].[/]       : Initializing Spring embedded WebApplicationContext
2024-03-16T21:17:01.874+05:30  INFO 17944 --- [cms-spring-boot-jrest-jdbc-mavenproject] [restartedMain] w.s.c.ServletWebServerApplicationContext : Root WebApplicationContext: initialization completed in 4716 ms
2024-03-16T21:17:03.504+05:30  INFO 17944 --- [cms-spring-boot-jrest-jdbc-mavenproject] [restartedMain] o.s.b.d.a.OptionalLiveReloadServer       : LiveReload server is running on port 35729
2024-03-16T21:17:03.633+05:30  INFO 17944 --- [cms-spring-boot-jrest-jdbc-mavenproject] [restartedMain] o.s.b.w.embedded.tomcat.TomcatWebServer  : Tomcat started on port 8080 (http) with context path ''
2024-03-16T21:17:03.696+05:30  INFO 17944 --- [cms-spring-boot-jrest-jdbc-mavenproject] [restartedMain] ringBootJrestJdbcMavenprojectApplication : Started CmsSpringBootJrestJdbcMavenprojectApplication in 8.13 seconds (process running for 10.25)
2024-03-16T21:17:38.107+05:30  INFO 17944 --- [cms-spring-boot-jrest-jdbc-mavenproject] [http-nio-8080-exec-1] o.a.c.c.C.[Tomcat].[localhost].[/]       : Initializing Spring DispatcherServlet 'dispatcherServlet'
2024-03-16T21:17:38.108+05:30  INFO 17944 --- [cms-spring-boot-jrest-jdbc-mavenproject] [http-nio-8080-exec-1] o.s.web.servlet.DispatcherServlet        : Initializing Servlet 'dispatcherServlet'
2024-03-16T21:17:38.111+05:30  INFO 17944 --- [cms-spring-boot-jrest-jdbc-mavenproject] [http-nio-8080-exec-1] o.s.web.servlet.DispatcherServlet        : Completed initialization in 3 ms
2024-03-16T21:17:38.279+05:30  INFO 17944 --- [cms-spring-boot-jrest-jdbc-mavenproject] [http-nio-8080-exec-1] c.e.c.controller.CourseController        : Entered fetchAllBook()...
2024-03-16T21:17:38.280+05:30  INFO 17944 --- [cms-spring-boot-jrest-jdbc-mavenproject] [http-nio-8080-exec-1] c.e.c.service.CourseServiceImpl          : Entered fetchAllBook()...
2024-03-16T21:17:38.280+05:30  INFO 17944 --- [cms-spring-boot-jrest-jdbc-mavenproject] [http-nio-8080-exec-1] c.e.c.dao.CourseDaoJdbcImpl              : Entered fetchAllCourses()..."
2024-03-16T21:17:39.446+05:30  INFO 17944 --- [cms-spring-boot-jrest-jdbc-mavenproject] [http-nio-8080-exec-1] c.e.c.dao.CourseDaoJdbcImpl              : Exited fetchAllBook()...
2024-03-16T21:17:39.446+05:30  INFO 17944 --- [cms-spring-boot-jrest-jdbc-mavenproject] [http-nio-8080-exec-1] c.e.c.service.CourseServiceImpl          : Exited fetchAllBook()...
2024-03-16T21:17:39.446+05:30  INFO 17944 --- [cms-spring-boot-jrest-jdbc-mavenproject] [http-nio-8080-exec-1] c.e.c.controller.CourseController        : Exited fetchAllBook()...
2024-03-16T21:18:31.163+05:30  INFO 17944 --- [cms-spring-boot-jrest-jdbc-mavenproject] [http-nio-8080-exec-4] c.e.c.controller.CourseController        : Entered fetchAllBook()...
2024-03-16T21:18:31.164+05:30  INFO 17944 --- [cms-spring-boot-jrest-jdbc-mavenproject] [http-nio-8080-exec-4] c.e.c.service.CourseServiceImpl          : Entered fetchAllBook()...
2024-03-16T21:18:31.165+05:30  INFO 17944 --- [cms-spring-boot-jrest-jdbc-mavenproject] [http-nio-8080-exec-4] c.e.c.dao.CourseDaoJdbcImpl              : Entered fetchAllCourses()..."
2024-03-16T21:18:31.170+05:30  INFO 17944 --- [cms-spring-boot-jrest-jdbc-mavenproject] [http-nio-8080-exec-4] c.e.c.dao.CourseDaoJdbcImpl              : Exited fetchAllBook()...
2024-03-16T21:18:31.170+05:30  INFO 17944 --- [cms-spring-boot-jrest-jdbc-mavenproject] [http-nio-8080-exec-4] c.e.c.service.CourseServiceImpl          : Exited fetchAllBook()...
2024-03-16T21:18:31.170+05:30  INFO 17944 --- [cms-spring-boot-jrest-jdbc-mavenproject] [http-nio-8080-exec-4] c.e.c.controller.CourseController        : Exited fetchAllBook()...
2024-03-16T21:26:23.868+05:30  INFO 17944 --- [cms-spring-boot-jrest-jdbc-mavenproject] [http-nio-8080-exec-7] c.e.c.controller.CourseController        : Entered fetchAllBook()...
2024-03-16T21:26:23.870+05:30  INFO 17944 --- [cms-spring-boot-jrest-jdbc-mavenproject] [http-nio-8080-exec-7] c.e.c.service.CourseServiceImpl          : Entered fetchAllBook()...
2024-03-16T21:26:23.870+05:30  INFO 17944 --- [cms-spring-boot-jrest-jdbc-mavenproject] [http-nio-8080-exec-7] c.e.c.dao.CourseDaoJdbcImpl              : Entered fetchAllCourses()..."
2024-03-16T21:26:23.875+05:30  INFO 17944 --- [cms-spring-boot-jrest-jdbc-mavenproject] [http-nio-8080-exec-7] c.e.c.dao.CourseDaoJdbcImpl              : Exited fetchAllBook()...
2024-03-16T21:26:23.876+05:30  INFO 17944 --- [cms-spring-boot-jrest-jdbc-mavenproject] [http-nio-8080-exec-7] c.e.c.service.CourseServiceImpl          : Exited fetchAllBook()...
2024-03-16T21:26:23.876+05:30  INFO 17944 --- [cms-spring-boot-jrest-jdbc-mavenproject] [http-nio-8080-exec-7] c.e.c.controller.CourseController        : Exited fetchAllBook()...
2024-03-16T21:27:00.427+05:30  INFO 17944 --- [cms-spring-boot-jrest-jdbc-mavenproject] [http-nio-8080-exec-9] c.e.c.controller.CourseController        : Entered fetchAllBook()...
2024-03-16T21:27:00.429+05:30  INFO 17944 --- [cms-spring-boot-jrest-jdbc-mavenproject] [http-nio-8080-exec-9] c.e.c.service.CourseServiceImpl          : Entered fetchAllBook()...
2024-03-16T21:27:00.430+05:30  INFO 17944 --- [cms-spring-boot-jrest-jdbc-mavenproject] [http-nio-8080-exec-9] c.e.c.dao.CourseDaoJdbcImpl              : Entered fetchAllCourses()..."
2024-03-16T21:27:00.437+05:30  INFO 17944 --- [cms-spring-boot-jrest-jdbc-mavenproject] [http-nio-8080-exec-9] c.e.c.dao.CourseDaoJdbcImpl              : Exited fetchAllBook()...
2024-03-16T21:27:00.437+05:30  INFO 17944 --- [cms-spring-boot-jrest-jdbc-mavenproject] [http-nio-8080-exec-9] c.e.c.service.CourseServiceImpl          : Exited fetchAllBook()...
2024-03-16T21:27:00.438+05:30  INFO 17944 --- [cms-spring-boot-jrest-jdbc-mavenproject] [http-nio-8080-exec-9] c.e.c.controller.CourseController        : Exited fetchAllBook()...
2024-03-16T21:28:14.533+05:30  INFO 12700 --- [cms-spring-boot-jrest-jdbc-mavenproject] [restartedMain] ringBootJrestJdbcMavenprojectApplication : Starting CmsSpringBootJrestJdbcMavenprojectApplication using Java 17.0.4.1 with PID 12700 (C:\Users\ADMIN\Music\Downloads\cms-spring-boot-jrest-jdbc-mavenproject\target\classes started by ADMIN in C:\Users\ADMIN\Music\Downloads\cms-spring-boot-jrest-jdbc-mavenproject)
2024-03-16T21:28:14.540+05:30  INFO 12700 --- [cms-spring-boot-jrest-jdbc-mavenproject] [restartedMain] ringBootJrestJdbcMavenprojectApplication : No active profile set, falling back to 1 default profile: "default"
2024-03-16T21:28:14.701+05:30  INFO 12700 --- [cms-spring-boot-jrest-jdbc-mavenproject] [restartedMain] .e.DevToolsPropertyDefaultsPostProcessor : Devtools property defaults active! Set 'spring.devtools.add-properties' to 'false' to disable
2024-03-16T21:28:14.703+05:30  INFO 12700 --- [cms-spring-boot-jrest-jdbc-mavenproject] [restartedMain] .e.DevToolsPropertyDefaultsPostProcessor : For additional web related logging consider setting the 'logging.level.web' property to 'DEBUG'
2024-03-16T21:28:19.397+05:30  INFO 12700 --- [cms-spring-boot-jrest-jdbc-mavenproject] [restartedMain] o.s.b.w.embedded.tomcat.TomcatWebServer  : Tomcat initialized with port 8080 (http)
2024-03-16T21:28:19.423+05:30  INFO 12700 --- [cms-spring-boot-jrest-jdbc-mavenproject] [restartedMain] o.apache.catalina.core.StandardService   : Starting service [Tomcat]
2024-03-16T21:28:19.424+05:30  INFO 12700 --- [cms-spring-boot-jrest-jdbc-mavenproject] [restartedMain] o.apache.catalina.core.StandardEngine    : Starting Servlet engine: [Apache Tomcat/10.1.19]
2024-03-16T21:28:19.585+05:30  INFO 12700 --- [cms-spring-boot-jrest-jdbc-mavenproject] [restartedMain] o.a.c.c.C.[Tomcat].[localhost].[/]       : Initializing Spring embedded WebApplicationContext
2024-03-16T21:28:19.586+05:30  INFO 12700 --- [cms-spring-boot-jrest-jdbc-mavenproject] [restartedMain] w.s.c.ServletWebServerApplicationContext : Root WebApplicationContext: initialization completed in 4877 ms
2024-03-16T21:28:21.735+05:30  INFO 12700 --- [cms-spring-boot-jrest-jdbc-mavenproject] [restartedMain] o.s.b.d.a.OptionalLiveReloadServer       : LiveReload server is running on port 35729
2024-03-16T21:28:22.025+05:30  INFO 12700 --- [cms-spring-boot-jrest-jdbc-mavenproject] [restartedMain] o.s.b.w.embedded.tomcat.TomcatWebServer  : Tomcat started on port 8080 (http) with context path ''
2024-03-16T21:28:22.075+05:30  INFO 12700 --- [cms-spring-boot-jrest-jdbc-mavenproject] [restartedMain] ringBootJrestJdbcMavenprojectApplication : Started CmsSpringBootJrestJdbcMavenprojectApplication in 8.995 seconds (process running for 10.49)
2024-03-16T21:28:44.642+05:30  INFO 12700 --- [cms-spring-boot-jrest-jdbc-mavenproject] [http-nio-8080-exec-1] o.a.c.c.C.[Tomcat].[localhost].[/]       : Initializing Spring DispatcherServlet 'dispatcherServlet'
2024-03-16T21:28:44.644+05:30  INFO 12700 --- [cms-spring-boot-jrest-jdbc-mavenproject] [http-nio-8080-exec-1] o.s.web.servlet.DispatcherServlet        : Initializing Servlet 'dispatcherServlet'
2024-03-16T21:28:44.650+05:30  INFO 12700 --- [cms-spring-boot-jrest-jdbc-mavenproject] [http-nio-8080-exec-1] o.s.web.servlet.DispatcherServlet        : Completed initialization in 3 ms
2024-03-16T21:29:01.359+05:30  INFO 12700 --- [cms-spring-boot-jrest-jdbc-mavenproject] [http-nio-8080-exec-3] c.e.c.controller.CourseController        : Entered fetchABook()...
2024-03-16T21:29:01.360+05:30  INFO 12700 --- [cms-spring-boot-jrest-jdbc-mavenproject] [http-nio-8080-exec-3] c.e.c.service.CourseServiceImpl          : Entered fetchABook()...
2024-03-16T21:29:01.360+05:30  INFO 12700 --- [cms-spring-boot-jrest-jdbc-mavenproject] [http-nio-8080-exec-3] c.e.c.dao.CourseDaoJdbcImpl              : Entered fetchABook()...
2024-03-16T21:29:01.776+05:30  INFO 12700 --- [cms-spring-boot-jrest-jdbc-mavenproject] [http-nio-8080-exec-3] c.e.c.dao.CourseDaoJdbcImpl              : Exited fetchABook()...
2024-03-16T21:29:01.777+05:30  INFO 12700 --- [cms-spring-boot-jrest-jdbc-mavenproject] [http-nio-8080-exec-3] c.e.c.service.CourseServiceImpl          : existed fetchABook()...
2024-03-16T21:29:01.777+05:30  INFO 12700 --- [cms-spring-boot-jrest-jdbc-mavenproject] [http-nio-8080-exec-3] c.e.c.controller.CourseController        : Exited fetchABook()...
